<?xml version="1.0" encoding="UTF-8"?>
<testsuite xmlns:xsi="http://www.w3.org/2001/XMLSchema-instance" xsi:noNamespaceSchemaLocation="https://maven.apache.org/surefire/maven-surefire-plugin/xsd/surefire-test-report.xsd" name="Buy" time="0.315" tests="2" errors="0" skipped="1" failures="1">
  <properties>
    <property name="sun.desktop" value="windows"/>
    <property name="awt.toolkit" value="sun.awt.windows.WToolkit"/>
    <property name="file.encoding.pkg" value="sun.io"/>
    <property name="java.specification.version" value="1.8"/>
    <property name="sun.cpu.isalist" value="amd64"/>
    <property name="sun.jnu.encoding" value="Cp1252"/>
    <property name="java.class.path" value="F:\tartka-git\POTartka\target\test-classes;F:\tartka-git\POTartka\target\classes;C:\Users\Nataliya_Tarkovska\.m2\repository\org\seleniumhq\selenium\selenium-java\3.8.1\selenium-java-3.8.1.jar;C:\Users\Nataliya_Tarkovska\.m2\repository\org\seleniumhq\selenium\selenium-api\3.8.1\selenium-api-3.8.1.jar;C:\Users\Nataliya_Tarkovska\.m2\repository\org\seleniumhq\selenium\selenium-edge-driver\3.8.1\selenium-edge-driver-3.8.1.jar;C:\Users\Nataliya_Tarkovska\.m2\repository\org\seleniumhq\selenium\selenium-ie-driver\3.8.1\selenium-ie-driver-3.8.1.jar;C:\Users\Nataliya_Tarkovska\.m2\repository\org\seleniumhq\selenium\selenium-opera-driver\3.8.1\selenium-opera-driver-3.8.1.jar;C:\Users\Nataliya_Tarkovska\.m2\repository\org\seleniumhq\selenium\selenium-remote-driver\3.8.1\selenium-remote-driver-3.8.1.jar;C:\Users\Nataliya_Tarkovska\.m2\repository\org\seleniumhq\selenium\selenium-safari-driver\3.8.1\selenium-safari-driver-3.8.1.jar;C:\Users\Nataliya_Tarkovska\.m2\repository\org\seleniumhq\selenium\selenium-support\3.8.1\selenium-support-3.8.1.jar;C:\Users\Nataliya_Tarkovska\.m2\repository\net\bytebuddy\byte-buddy\1.7.5\byte-buddy-1.7.5.jar;C:\Users\Nataliya_Tarkovska\.m2\repository\org\apache\commons\commons-exec\1.3\commons-exec-1.3.jar;C:\Users\Nataliya_Tarkovska\.m2\repository\commons-codec\commons-codec\1.10\commons-codec-1.10.jar;C:\Users\Nataliya_Tarkovska\.m2\repository\commons-logging\commons-logging\1.2\commons-logging-1.2.jar;C:\Users\Nataliya_Tarkovska\.m2\repository\com\google\code\gson\gson\2.8.2\gson-2.8.2.jar;C:\Users\Nataliya_Tarkovska\.m2\repository\com\google\guava\guava\23.0\guava-23.0.jar;C:\Users\Nataliya_Tarkovska\.m2\repository\com\google\code\findbugs\jsr305\1.3.9\jsr305-1.3.9.jar;C:\Users\Nataliya_Tarkovska\.m2\repository\com\google\errorprone\error_prone_annotations\2.0.18\error_prone_annotations-2.0.18.jar;C:\Users\Nataliya_Tarkovska\.m2\repository\com\google\j2objc\j2objc-annotations\1.1\j2objc-annotations-1.1.jar;C:\Users\Nataliya_Tarkovska\.m2\repository\org\codehaus\mojo\animal-sniffer-annotations\1.14\animal-sniffer-annotations-1.14.jar;C:\Users\Nataliya_Tarkovska\.m2\repository\org\apache\httpcomponents\httpclient\4.5.3\httpclient-4.5.3.jar;C:\Users\Nataliya_Tarkovska\.m2\repository\org\apache\httpcomponents\httpcore\4.4.6\httpcore-4.4.6.jar;C:\Users\Nataliya_Tarkovska\.m2\repository\org\testng\testng\6.13.1\testng-6.13.1.jar;C:\Users\Nataliya_Tarkovska\.m2\repository\com\beust\jcommander\1.72\jcommander-1.72.jar;C:\Users\Nataliya_Tarkovska\.m2\repository\org\seleniumhq\selenium\selenium-chrome-driver\3.8.1\selenium-chrome-driver-3.8.1.jar;C:\Users\Nataliya_Tarkovska\.m2\repository\org\seleniumhq\selenium\selenium-firefox-driver\3.8.1\selenium-firefox-driver-3.8.1.jar;C:\Users\Nataliya_Tarkovska\.m2\repository\mysql\mysql-connector-java\5.1.45\mysql-connector-java-5.1.45.jar;C:\Users\Nataliya_Tarkovska\.m2\repository\org\seleniumhq\selenium\selenium-htmlunit-driver\2.52.0\selenium-htmlunit-driver-2.52.0.jar;C:\Users\Nataliya_Tarkovska\.m2\repository\net\sourceforge\htmlunit\htmlunit\2.18\htmlunit-2.18.jar;C:\Users\Nataliya_Tarkovska\.m2\repository\xalan\xalan\2.7.2\xalan-2.7.2.jar;C:\Users\Nataliya_Tarkovska\.m2\repository\xalan\serializer\2.7.2\serializer-2.7.2.jar;C:\Users\Nataliya_Tarkovska\.m2\repository\org\apache\commons\commons-lang3\3.4\commons-lang3-3.4.jar;C:\Users\Nataliya_Tarkovska\.m2\repository\org\apache\httpcomponents\httpmime\4.5\httpmime-4.5.jar;C:\Users\Nataliya_Tarkovska\.m2\repository\net\sourceforge\htmlunit\htmlunit-core-js\2.17\htmlunit-core-js-2.17.jar;C:\Users\Nataliya_Tarkovska\.m2\repository\xerces\xercesImpl\2.11.0\xercesImpl-2.11.0.jar;C:\Users\Nataliya_Tarkovska\.m2\repository\net\sourceforge\nekohtml\nekohtml\1.9.22\nekohtml-1.9.22.jar;C:\Users\Nataliya_Tarkovska\.m2\repository\net\sourceforge\cssparser\cssparser\0.9.16\cssparser-0.9.16.jar;C:\Users\Nataliya_Tarkovska\.m2\repository\org\w3c\css\sac\1.3\sac-1.3.jar;C:\Users\Nataliya_Tarkovska\.m2\repository\commons-io\commons-io\2.4\commons-io-2.4.jar;C:\Users\Nataliya_Tarkovska\.m2\repository\org\eclipse\jetty\websocket\websocket-client\9.2.12.v20150709\websocket-client-9.2.12.v20150709.jar;C:\Users\Nataliya_Tarkovska\.m2\repository\org\eclipse\jetty\jetty-util\9.2.12.v20150709\jetty-util-9.2.12.v20150709.jar;C:\Users\Nataliya_Tarkovska\.m2\repository\org\eclipse\jetty\jetty-io\9.2.12.v20150709\jetty-io-9.2.12.v20150709.jar;C:\Users\Nataliya_Tarkovska\.m2\repository\org\eclipse\jetty\websocket\websocket-common\9.2.12.v20150709\websocket-common-9.2.12.v20150709.jar;C:\Users\Nataliya_Tarkovska\.m2\repository\org\eclipse\jetty\websocket\websocket-api\9.2.12.v20150709\websocket-api-9.2.12.v20150709.jar;C:\Users\Nataliya_Tarkovska\.m2\repository\commons-collections\commons-collections\3.2.2\commons-collections-3.2.2.jar;C:\Users\Nataliya_Tarkovska\.m2\repository\dwr\dwr\1.1.3\dwr-1.1.3.jar;C:\Users\Nataliya_Tarkovska\.m2\repository\bsf\bsf\2.3.0\bsf-2.3.0.jar;C:\Users\Nataliya_Tarkovska\.m2\repository\dom4j\dom4j\1.6.1\dom4j-1.6.1.jar;C:\Users\Nataliya_Tarkovska\.m2\repository\xml-apis\xml-apis\1.0.b2\xml-apis-1.0.b2.jar;C:\Users\Nataliya_Tarkovska\.m2\repository\jdom\jdom\1.0\jdom-1.0.jar;C:\Users\Nataliya_Tarkovska\.m2\repository\xom\xom\1.1\xom-1.1.jar;C:\Users\Nataliya_Tarkovska\.m2\repository\xerces\xmlParserAPIs\2.6.2\xmlParserAPIs-2.6.2.jar;C:\Users\Nataliya_Tarkovska\.m2\repository\jaxen\jaxen\1.1-beta-8\jaxen-1.1-beta-8.jar;C:\Users\Nataliya_Tarkovska\.m2\repository\org\apache\maven\surefire\surefire-testng-utils\2.21.0\surefire-testng-utils-2.21.0.jar;C:\Users\Nataliya_Tarkovska\.m2\repository\org\apache\maven\surefire\surefire-grouper\2.21.0\surefire-grouper-2.21.0.jar;"/>
    <property name="java.vm.vendor" value="Oracle Corporation"/>
    <property name="sun.arch.data.model" value="64"/>
    <property name="user.variant" value=""/>
    <property name="java.vendor.url" value="http://java.oracle.com/"/>
    <property name="user.timezone" value=""/>
    <property name="java.vm.specification.version" value="1.8"/>
    <property name="os.name" value="Windows 10"/>
    <property name="user.country" value="US"/>
    <property name="sun.java.launcher" value="SUN_STANDARD"/>
    <property name="sun.boot.library.path" value="C:\Program Files\Java\jdk1.8.0_121\jre\bin"/>
    <property name="sun.java.command" value="C:\Users\NATALI~1\AppData\Local\Temp\surefire5843323834512209054\surefirebooter7118463358441880085.jar C:\Users\Nataliya_Tarkovska\AppData\Local\Temp\surefire5843323834512209054 2018-05-23T19-20-39_460-jvmRun1 surefire1682848826464381194tmp surefire_07831389006315455309tmp"/>
    <property name="surefire.test.class.path" value="F:\tartka-git\POTartka\target\test-classes;F:\tartka-git\POTartka\target\classes;C:\Users\Nataliya_Tarkovska\.m2\repository\org\seleniumhq\selenium\selenium-java\3.8.1\selenium-java-3.8.1.jar;C:\Users\Nataliya_Tarkovska\.m2\repository\org\seleniumhq\selenium\selenium-api\3.8.1\selenium-api-3.8.1.jar;C:\Users\Nataliya_Tarkovska\.m2\repository\org\seleniumhq\selenium\selenium-edge-driver\3.8.1\selenium-edge-driver-3.8.1.jar;C:\Users\Nataliya_Tarkovska\.m2\repository\org\seleniumhq\selenium\selenium-ie-driver\3.8.1\selenium-ie-driver-3.8.1.jar;C:\Users\Nataliya_Tarkovska\.m2\repository\org\seleniumhq\selenium\selenium-opera-driver\3.8.1\selenium-opera-driver-3.8.1.jar;C:\Users\Nataliya_Tarkovska\.m2\repository\org\seleniumhq\selenium\selenium-remote-driver\3.8.1\selenium-remote-driver-3.8.1.jar;C:\Users\Nataliya_Tarkovska\.m2\repository\org\seleniumhq\selenium\selenium-safari-driver\3.8.1\selenium-safari-driver-3.8.1.jar;C:\Users\Nataliya_Tarkovska\.m2\repository\org\seleniumhq\selenium\selenium-support\3.8.1\selenium-support-3.8.1.jar;C:\Users\Nataliya_Tarkovska\.m2\repository\net\bytebuddy\byte-buddy\1.7.5\byte-buddy-1.7.5.jar;C:\Users\Nataliya_Tarkovska\.m2\repository\org\apache\commons\commons-exec\1.3\commons-exec-1.3.jar;C:\Users\Nataliya_Tarkovska\.m2\repository\commons-codec\commons-codec\1.10\commons-codec-1.10.jar;C:\Users\Nataliya_Tarkovska\.m2\repository\commons-logging\commons-logging\1.2\commons-logging-1.2.jar;C:\Users\Nataliya_Tarkovska\.m2\repository\com\google\code\gson\gson\2.8.2\gson-2.8.2.jar;C:\Users\Nataliya_Tarkovska\.m2\repository\com\google\guava\guava\23.0\guava-23.0.jar;C:\Users\Nataliya_Tarkovska\.m2\repository\com\google\code\findbugs\jsr305\1.3.9\jsr305-1.3.9.jar;C:\Users\Nataliya_Tarkovska\.m2\repository\com\google\errorprone\error_prone_annotations\2.0.18\error_prone_annotations-2.0.18.jar;C:\Users\Nataliya_Tarkovska\.m2\repository\com\google\j2objc\j2objc-annotations\1.1\j2objc-annotations-1.1.jar;C:\Users\Nataliya_Tarkovska\.m2\repository\org\codehaus\mojo\animal-sniffer-annotations\1.14\animal-sniffer-annotations-1.14.jar;C:\Users\Nataliya_Tarkovska\.m2\repository\org\apache\httpcomponents\httpclient\4.5.3\httpclient-4.5.3.jar;C:\Users\Nataliya_Tarkovska\.m2\repository\org\apache\httpcomponents\httpcore\4.4.6\httpcore-4.4.6.jar;C:\Users\Nataliya_Tarkovska\.m2\repository\org\testng\testng\6.13.1\testng-6.13.1.jar;C:\Users\Nataliya_Tarkovska\.m2\repository\com\beust\jcommander\1.72\jcommander-1.72.jar;C:\Users\Nataliya_Tarkovska\.m2\repository\org\seleniumhq\selenium\selenium-chrome-driver\3.8.1\selenium-chrome-driver-3.8.1.jar;C:\Users\Nataliya_Tarkovska\.m2\repository\org\seleniumhq\selenium\selenium-firefox-driver\3.8.1\selenium-firefox-driver-3.8.1.jar;C:\Users\Nataliya_Tarkovska\.m2\repository\mysql\mysql-connector-java\5.1.45\mysql-connector-java-5.1.45.jar;C:\Users\Nataliya_Tarkovska\.m2\repository\org\seleniumhq\selenium\selenium-htmlunit-driver\2.52.0\selenium-htmlunit-driver-2.52.0.jar;C:\Users\Nataliya_Tarkovska\.m2\repository\net\sourceforge\htmlunit\htmlunit\2.18\htmlunit-2.18.jar;C:\Users\Nataliya_Tarkovska\.m2\repository\xalan\xalan\2.7.2\xalan-2.7.2.jar;C:\Users\Nataliya_Tarkovska\.m2\repository\xalan\serializer\2.7.2\serializer-2.7.2.jar;C:\Users\Nataliya_Tarkovska\.m2\repository\org\apache\commons\commons-lang3\3.4\commons-lang3-3.4.jar;C:\Users\Nataliya_Tarkovska\.m2\repository\org\apache\httpcomponents\httpmime\4.5\httpmime-4.5.jar;C:\Users\Nataliya_Tarkovska\.m2\repository\net\sourceforge\htmlunit\htmlunit-core-js\2.17\htmlunit-core-js-2.17.jar;C:\Users\Nataliya_Tarkovska\.m2\repository\xerces\xercesImpl\2.11.0\xercesImpl-2.11.0.jar;C:\Users\Nataliya_Tarkovska\.m2\repository\net\sourceforge\nekohtml\nekohtml\1.9.22\nekohtml-1.9.22.jar;C:\Users\Nataliya_Tarkovska\.m2\repository\net\sourceforge\cssparser\cssparser\0.9.16\cssparser-0.9.16.jar;C:\Users\Nataliya_Tarkovska\.m2\repository\org\w3c\css\sac\1.3\sac-1.3.jar;C:\Users\Nataliya_Tarkovska\.m2\repository\commons-io\commons-io\2.4\commons-io-2.4.jar;C:\Users\Nataliya_Tarkovska\.m2\repository\org\eclipse\jetty\websocket\websocket-client\9.2.12.v20150709\websocket-client-9.2.12.v20150709.jar;C:\Users\Nataliya_Tarkovska\.m2\repository\org\eclipse\jetty\jetty-util\9.2.12.v20150709\jetty-util-9.2.12.v20150709.jar;C:\Users\Nataliya_Tarkovska\.m2\repository\org\eclipse\jetty\jetty-io\9.2.12.v20150709\jetty-io-9.2.12.v20150709.jar;C:\Users\Nataliya_Tarkovska\.m2\repository\org\eclipse\jetty\websocket\websocket-common\9.2.12.v20150709\websocket-common-9.2.12.v20150709.jar;C:\Users\Nataliya_Tarkovska\.m2\repository\org\eclipse\jetty\websocket\websocket-api\9.2.12.v20150709\websocket-api-9.2.12.v20150709.jar;C:\Users\Nataliya_Tarkovska\.m2\repository\commons-collections\commons-collections\3.2.2\commons-collections-3.2.2.jar;C:\Users\Nataliya_Tarkovska\.m2\repository\dwr\dwr\1.1.3\dwr-1.1.3.jar;C:\Users\Nataliya_Tarkovska\.m2\repository\bsf\bsf\2.3.0\bsf-2.3.0.jar;C:\Users\Nataliya_Tarkovska\.m2\repository\dom4j\dom4j\1.6.1\dom4j-1.6.1.jar;C:\Users\Nataliya_Tarkovska\.m2\repository\xml-apis\xml-apis\1.0.b2\xml-apis-1.0.b2.jar;C:\Users\Nataliya_Tarkovska\.m2\repository\jdom\jdom\1.0\jdom-1.0.jar;C:\Users\Nataliya_Tarkovska\.m2\repository\xom\xom\1.1\xom-1.1.jar;C:\Users\Nataliya_Tarkovska\.m2\repository\xerces\xmlParserAPIs\2.6.2\xmlParserAPIs-2.6.2.jar;C:\Users\Nataliya_Tarkovska\.m2\repository\jaxen\jaxen\1.1-beta-8\jaxen-1.1-beta-8.jar;C:\Users\Nataliya_Tarkovska\.m2\repository\org\apache\maven\surefire\surefire-testng-utils\2.21.0\surefire-testng-utils-2.21.0.jar;C:\Users\Nataliya_Tarkovska\.m2\repository\org\apache\maven\surefire\surefire-grouper\2.21.0\surefire-grouper-2.21.0.jar;"/>
    <property name="sun.cpu.endian" value="little"/>
    <property name="user.home" value="C:\Users\Nataliya_Tarkovska"/>
    <property name="user.language" value="en"/>
    <property name="java.specification.vendor" value="Oracle Corporation"/>
    <property name="java.home" value="C:\Program Files\Java\jdk1.8.0_121\jre"/>
    <property name="basedir" value="F:\tartka-git\POTartka"/>
    <property name="file.separator" value="\"/>
    <property name="line.separator" value="&#10;"/>
    <property name="java.vm.specification.vendor" value="Oracle Corporation"/>
    <property name="java.specification.name" value="Java Platform API Specification"/>
    <property name="java.awt.graphicsenv" value="sun.awt.Win32GraphicsEnvironment"/>
    <property name="surefire.real.class.path" value="C:\Users\NATALI~1\AppData\Local\Temp\surefire5843323834512209054\surefirebooter7118463358441880085.jar"/>
    <property name="sun.boot.class.path" value="C:\Program Files\Java\jdk1.8.0_121\jre\lib\resources.jar;C:\Program Files\Java\jdk1.8.0_121\jre\lib\rt.jar;C:\Program Files\Java\jdk1.8.0_121\jre\lib\sunrsasign.jar;C:\Program Files\Java\jdk1.8.0_121\jre\lib\jsse.jar;C:\Program Files\Java\jdk1.8.0_121\jre\lib\jce.jar;C:\Program Files\Java\jdk1.8.0_121\jre\lib\charsets.jar;C:\Program Files\Java\jdk1.8.0_121\jre\lib\jfr.jar;C:\Program Files\Java\jdk1.8.0_121\jre\classes"/>
    <property name="user.script" value=""/>
    <property name="sun.management.compiler" value="HotSpot 64-Bit Tiered Compilers"/>
    <property name="java.runtime.version" value="1.8.0_121-b13"/>
    <property name="user.name" value="Nataliya_Tarkovska"/>
    <property name="path.separator" value=";"/>
    <property name="os.version" value="10.0"/>
    <property name="java.endorsed.dirs" value="C:\Program Files\Java\jdk1.8.0_121\jre\lib\endorsed"/>
    <property name="java.runtime.name" value="Java(TM) SE Runtime Environment"/>
    <property name="file.encoding" value="Cp1252"/>
    <property name="java.vm.name" value="Java HotSpot(TM) 64-Bit Server VM"/>
    <property name="localRepository" value="C:\Users\Nataliya_Tarkovska\.m2\repository"/>
    <property name="java.vendor.url.bug" value="http://bugreport.sun.com/bugreport/"/>
    <property name="java.io.tmpdir" value="C:\Users\NATALI~1\AppData\Local\Temp\"/>
    <property name="java.version" value="1.8.0_121"/>
    <property name="user.dir" value="F:\tartka-git\POTartka"/>
    <property name="os.arch" value="amd64"/>
    <property name="java.vm.specification.name" value="Java Virtual Machine Specification"/>
    <property name="java.awt.printerjob" value="sun.awt.windows.WPrinterJob"/>
    <property name="sun.os.patch.level" value=""/>
    <property name="java.library.path" value="C:\Program Files\Java\jdk1.8.0_121\jre\bin;C:\WINDOWS\Sun\Java\bin;C:\WINDOWS\system32;C:\WINDOWS;C:\ProgramData\Oracle\Java\javapath;C:\WINDOWS\system32;C:\WINDOWS;C:\WINDOWS\System32\Wbem;C:\WINDOWS\System32\WindowsPowerShell\v1.0\;C:\Program Files\TortoiseSVN\bin;C:\Program Files (x86)\Skype\Phone\;C:\Program Files\Git\cmd;C:\maven\bin;F:\tartka-test\geckodriver;C:\Users\Nataliya_Tarkovska\AppData\Local\Microsoft\WindowsApps;;."/>
    <property name="java.vm.info" value="mixed mode"/>
    <property name="java.vendor" value="Oracle Corporation"/>
    <property name="java.vm.version" value="25.121-b13"/>
    <property name="java.ext.dirs" value="C:\Program Files\Java\jdk1.8.0_121\jre\lib\ext;C:\WINDOWS\Sun\Java\lib\ext"/>
    <property name="sun.io.unicode.encoding" value="UnicodeLittle"/>
    <property name="java.class.version" value="52.0"/>
  </properties>
  <testcase name="setup" classname="Buy" time="0.18">
    <failure message="org/w3c/dom/ElementTraversal" type="java.lang.NoClassDefFoundError">java.lang.NoClassDefFoundError: org/w3c/dom/ElementTraversal
	at Buy.setup(Buy.java:22)
Caused by: java.lang.ClassNotFoundException: org.w3c.dom.ElementTraversal
	at Buy.setup(Buy.java:22)
</failure>
  </testcase>
  <testcase name="buy" classname="Buy" time="0">
    <skipped message="org/w3c/dom/ElementTraversal"/>
  </testcase>
</testsuite>